# JRE version: OpenJDK Runtime Environment (11.0.10) (build 11.0.10+0-b96-7249189)
# Java VM: OpenJDK 64-Bit Server VM (11.0.10+0-b96-7249189, mixed mode, tiered, compressed oops, g1 gc, windows-amd64)
Heap:
 garbage-first heap   total 165888K, used 77120K [0x0000000080000000, 0x0000000100000000)
  region size 1024K, 2 young (2048K), 2 survivors (2048K)
 Metaspace       used 65290K, capacity 66968K, committed 67328K, reserved 1107968K
  class space    used 8237K, capacity 8837K, committed 8960K, reserved 1048576K
GC Heap History (20 events):
Event: 21.051 GC heap after
{Heap after GC invocations=37 (full 0):
 garbage-first heap   total 95232K, used 56660K [0x0000000080000000, 0x0000000100000000)
  region size 1024K, 2 young (2048K), 2 survivors (2048K)
 Metaspace       used 46319K, capacity 47544K, committed 47616K, reserved 1091584K
  class space    used 5892K, capacity 6329K, committed 6400K, reserved 1048576K
}
Event: 21.477 GC heap before
{Heap before GC invocations=37 (full 0):
 garbage-first heap   total 95232K, used 72020K [0x0000000080000000, 0x0000000100000000)
  region size 1024K, 17 young (17408K), 2 survivors (2048K)
 Metaspace       used 47244K, capacity 48529K, committed 48768K, reserved 1091584K
  class space    used 6049K, capacity 6510K, committed 6528K, reserved 1048576K
}
Event: 21.484 GC heap after
{Heap after GC invocations=38 (full 0):
 garbage-first heap   total 95232K, used 57400K [0x0000000080000000, 0x0000000100000000)
  region size 1024K, 2 young (2048K), 2 survivors (2048K)
 Metaspace       used 47244K, capacity 48529K, committed 48768K, reserved 1091584K
  class space    used 6049K, capacity 6510K, committed 6528K, reserved 1048576K
}
Event: 22.181 GC heap before
{Heap before GC invocations=39 (full 0):
 garbage-first heap   total 95232K, used 72760K [0x0000000080000000, 0x0000000100000000)
  region size 1024K, 17 young (17408K), 2 survivors (2048K)
 Metaspace       used 48350K, capacity 49722K, committed 50048K, reserved 1093632K
  class space    used 6224K, capacity 6675K, committed 6784K, reserved 1048576K
}
Event: 22.199 GC heap after
{Heap after GC invocations=40 (full 0):
 garbage-first heap   total 114688K, used 57915K [0x0000000080000000, 0x0000000100000000)
  region size 1024K, 3 young (3072K), 3 survivors (3072K)
 Metaspace       used 48350K, capacity 49722K, committed 50048K, reserved 1093632K
  class space    used 6224K, capacity 6675K, committed 6784K, reserved 1048576K
}
Event: 25.249 GC heap before
{Heap before GC invocations=40 (full 0):
 garbage-first heap   total 114688K, used 80443K [0x0000000080000000, 0x0000000100000000)
  region size 1024K, 26 young (26624K), 3 survivors (3072K)
 Metaspace       used 49561K, capacity 51030K, committed 51072K, reserved 1093632K
  class space    used 6329K, capacity 6783K, committed 6784K, reserved 1048576K
}
Event: 25.263 GC heap after
{Heap after GC invocations=41 (full 0):
 garbage-first heap   total 114688K, used 59306K [0x0000000080000000, 0x0000000100000000)
  region size 1024K, 4 young (4096K), 4 survivors (4096K)
 Metaspace       used 49561K, capacity 51030K, committed 51072K, reserved 1093632K
  class space    used 6329K, capacity 6783K, committed 6784K, reserved 1048576K
}
Event: 25.861 GC heap before
{Heap before GC invocations=42 (full 0):
 garbage-first heap   total 114688K, used 64426K [0x0000000080000000, 0x0000000100000000)
  region size 1024K, 10 young (10240K), 4 survivors (4096K)
 Metaspace       used 49843K, capacity 51287K, committed 51456K, reserved 1093632K
  class space    used 6357K, capacity 6820K, committed 6912K, reserved 1048576K
}
Event: 25.878 GC heap after
{Heap after GC invocations=43 (full 0):
 garbage-first heap   total 114688K, used 59742K [0x0000000080000000, 0x0000000100000000)
  region size 1024K, 3 young (3072K), 3 survivors (3072K)
 Metaspace       used 49843K, capacity 51287K, committed 51456K, reserved 1093632K
  class space    used 6357K, capacity 6820K, committed 6912K, reserved 1048576K
}
Event: 26.100 GC heap before
{Heap before GC invocations=44 (full 0):
 garbage-first heap   total 114688K, used 60766K [0x0000000080000000, 0x0000000100000000)
  region size 1024K, 4 young (4096K), 3 survivors (3072K)
 Metaspace       used 49844K, capacity 51287K, committed 51456K, reserved 1093632K
  class space    used 6357K, capacity 6820K, committed 6912K, reserved 1048576K
}
Event: 26.111 GC heap after
{Heap after GC invocations=45 (full 0):
 garbage-first heap   total 114688K, used 62128K [0x0000000080000000, 0x0000000100000000)
  region size 1024K, 4 young (4096K), 4 survivors (4096K)
 Metaspace       used 49844K, capacity 51287K, committed 51456K, reserved 1093632K
  class space    used 6357K, capacity 6820K, committed 6912K, reserved 1048576K
}
Event: 26.586 GC heap before
{Heap before GC invocations=46 (full 0):
 garbage-first heap   total 114688K, used 66224K [0x0000000080000000, 0x0000000100000000)
  region size 1024K, 9 young (9216K), 4 survivors (4096K)
 Metaspace       used 49853K, capacity 51287K, committed 51456K, reserved 1093632K
  class space    used 6357K, capacity 6820K, committed 6912K, reserved 1048576K
}
Event: 26.598 GC heap after
{Heap after GC invocations=47 (full 0):
 garbage-first heap   total 138240K, used 66717K [0x0000000080000000, 0x0000000100000000)
  region size 1024K, 4 young (4096K), 4 survivors (4096K)
 Metaspace       used 49853K, capacity 51287K, committed 51456K, reserved 1093632K
  class space    used 6357K, capacity 6820K, committed 6912K, reserved 1048576K
}
Event: 28.712 GC heap before
{Heap before GC invocations=48 (full 0):
 garbage-first heap   total 138240K, used 103581K [0x0000000080000000, 0x0000000100000000)
  region size 1024K, 38 young (38912K), 4 survivors (4096K)
 Metaspace       used 53768K, capacity 55391K, committed 55552K, reserved 1097728K
  class space    used 6854K, capacity 7377K, committed 7424K, reserved 1048576K
}
Event: 28.730 GC heap after
{Heap after GC invocations=49 (full 0):
 garbage-first heap   total 138240K, used 70592K [0x0000000080000000, 0x0000000100000000)
  region size 1024K, 3 young (3072K), 3 survivors (3072K)
 Metaspace       used 53768K, capacity 55391K, committed 55552K, reserved 1097728K
  class space    used 6854K, capacity 7377K, committed 7424K, reserved 1048576K
}
Event: 30.562 GC heap before
{Heap before GC invocations=49 (full 0):
 garbage-first heap   total 138240K, used 104384K [0x0000000080000000, 0x0000000100000000)
  region size 1024K, 36 young (36864K), 3 survivors (3072K)
 Metaspace       used 59109K, capacity 60650K, committed 60800K, reserved 1101824K
  class space    used 7452K, capacity 7994K, committed 8064K, reserved 1048576K
}
Event: 30.573 GC heap after
{Heap after GC invocations=50 (full 0):
 garbage-first heap   total 138240K, used 71778K [0x0000000080000000, 0x0000000100000000)
  region size 1024K, 4 young (4096K), 4 survivors (4096K)
 Metaspace       used 59109K, capacity 60650K, committed 60800K, reserved 1101824K
  class space    used 7452K, capacity 7994K, committed 8064K, reserved 1048576K
}
Event: 32.585 GC heap before
{Heap before GC invocations=51 (full 0):
 garbage-first heap   total 138240K, used 105570K [0x0000000080000000, 0x0000000100000000)
  region size 1024K, 38 young (38912K), 4 survivors (4096K)
 Metaspace       used 63219K, capacity 64936K, committed 65152K, reserved 1105920K
  class space    used 7978K, capacity 8567K, committed 8576K, reserved 1048576K
}
Event: 32.616 GC heap after
{Heap after GC invocations=52 (full 0):
 garbage-first heap   total 138240K, used 75312K [0x0000000080000000, 0x0000000100000000)
  region size 1024K, 5 young (5120K), 5 survivors (5120K)
 Metaspace       used 63219K, capacity 64936K, committed 65152K, reserved 1105920K
  class space    used 7978K, capacity 8567K, committed 8576K, reserved 1048576K
}
Event: 33.712 GC heap before
{Heap before GC invocations=52 (full 0):
 garbage-first heap   total 138240K, used 95792K [0x0000000080000000, 0x0000000100000000)
  region size 1024K, 26 young (26624K), 5 survivors (5120K)
 Metaspace       used 65290K, capacity 66968K, committed 67328K, reserved 1107968K
  class space    used 8237K, capacity 8837K, committed 8960K, reserved 1048576K
}

